<?xml version="1.0" encoding="UTF-8"?>
<testng-results ignored="0" total="1" passed="1" failed="0" skipped="0">
  <reporter-output>
  </reporter-output>
  <suite started-at="2025-05-13T05:27:24 CEST" name="Default suite" finished-at="2025-05-13T05:27:24 CEST" duration-ms="36">
    <groups>
    </groups>
    <test started-at="2025-05-13T05:27:24 CEST" name="Default test" finished-at="2025-05-13T05:27:24 CEST" duration-ms="36">
      <class name="PS1">
        <test-method is-config="true" signature="beforeRun()[pri:0, instance:PS1@49ec71f8]" started-at="2025-05-13T05:27:24 CEST" name="beforeRun" finished-at="2025-05-13T05:27:24 CEST" duration-ms="6" status="PASS">
          <reporter-output>
          </reporter-output>
        </test-method> <!-- beforeRun -->
        <test-method signature="testRun()[pri:0, instance:PS1@49ec71f8]" started-at="2025-05-13T05:27:24 CEST" name="testRun" finished-at="2025-05-13T05:27:24 CEST" duration-ms="6" status="PASS">
          <reporter-output>
          </reporter-output>
        </test-method> <!-- testRun -->
        <test-method is-config="true" signature="afterRun()[pri:0, instance:PS1@49ec71f8]" started-at="2025-05-13T05:27:24 CEST" name="afterRun" finished-at="2025-05-13T05:27:24 CEST" duration-ms="1" status="PASS">
          <reporter-output>
          </reporter-output>
        </test-method> <!-- afterRun -->
      </class> <!-- PS1 -->
    </test> <!-- Default test -->
  </suite> <!-- Default suite -->
</testng-results>
